2018-10-07 15:44:12,783 [Worker-19: Creating project "HibernateTraining"] INFO  o.e.m.c.i.l.LifecycleMappingFactory - Using org.eclipse.m2e.jdt.JarLifecycleMapping lifecycle mapping for MavenProject: com.revature.hibernate:HibernateTraining:0.0.1-SNAPSHOT @ D:\STS_Practice\Servlet\HibernateTraining\pom.xml.
2018-10-07 15:44:15,572 [Worker-19: Creating project "HibernateTraining"] INFO  o.e.m.j.i.AbstractJavaProjectConfigurator - Adding source folder /HibernateTraining/src/main/java
2018-10-07 15:44:15,574 [Worker-19: Creating project "HibernateTraining"] INFO  o.e.m.j.i.AbstractJavaProjectConfigurator - Adding resource folder /HibernateTraining/src/main/resources
2018-10-07 15:44:15,574 [Worker-19: Creating project "HibernateTraining"] INFO  o.e.m.j.i.AbstractJavaProjectConfigurator - Adding source folder /HibernateTraining/src/test/java
2018-10-07 15:44:15,575 [Worker-19: Creating project "HibernateTraining"] INFO  o.e.m.j.i.AbstractJavaProjectConfigurator - Adding resource folder /HibernateTraining/src/test/resources
2018-10-07 15:44:20,599 [Worker-14: Building workspace] WARN  o.e.m.c.i.embedder.EclipseLogger - Using platform encoding (Cp1252 actually) to copy filtered resources, i.e. build is platform dependent!
2018-10-07 15:44:20,691 [Worker-14: Building workspace] INFO  o.e.m.c.i.embedder.EclipseLogger - Copying 0 resource
2018-10-07 15:44:20,694 [Worker-14: Building workspace] WARN  o.e.m.c.i.embedder.EclipseLogger - Using platform encoding (Cp1252 actually) to copy filtered resources, i.e. build is platform dependent!
2018-10-07 15:44:20,754 [Worker-14: Building workspace] INFO  o.e.m.c.i.embedder.EclipseLogger - Copying 0 resource
2018-10-07 15:47:15,027 [Worker-2: Building workspace] WARN  o.e.m.c.i.embedder.EclipseLogger - Using platform encoding (Cp1252 actually) to copy filtered resources, i.e. build is platform dependent!
2018-10-07 15:47:15,069 [Worker-2: Building workspace] INFO  o.e.m.c.i.embedder.EclipseLogger - Copying 0 resource
2018-10-07 15:47:15,073 [Worker-2: Building workspace] WARN  o.e.m.c.i.embedder.EclipseLogger - Using platform encoding (Cp1252 actually) to copy filtered resources, i.e. build is platform dependent!
2018-10-07 15:47:15,080 [Worker-2: Building workspace] INFO  o.e.m.c.i.embedder.EclipseLogger - Copying 0 resource
2018-10-07 15:47:16,419 [Worker-23: Building workspace] WARN  o.e.m.c.i.embedder.EclipseLogger - Using platform encoding (Cp1252 actually) to copy filtered resources, i.e. build is platform dependent!
2018-10-07 15:47:16,424 [Worker-23: Building workspace] INFO  o.e.m.c.i.embedder.EclipseLogger - Copying 0 resource
2018-10-07 15:47:16,425 [Worker-23: Building workspace] WARN  o.e.m.c.i.embedder.EclipseLogger - Using platform encoding (Cp1252 actually) to copy filtered resources, i.e. build is platform dependent!
2018-10-07 15:47:16,431 [Worker-23: Building workspace] INFO  o.e.m.c.i.embedder.EclipseLogger - Copying 0 resource
2018-10-07 15:51:33,737 [Worker-24: Building workspace] INFO  o.e.m.c.i.l.LifecycleMappingFactory - Using org.eclipse.m2e.jdt.JarLifecycleMapping lifecycle mapping for MavenProject: com.revature.hibernate:HibernateTraining:0.0.1-SNAPSHOT @ D:\STS_Practice\Servlet\HibernateTraining\pom.xml.
2018-10-07 15:51:34,790 [Worker-24: Building workspace] INFO  o.e.m.c.i.e.AbstractTransferListenerAdapter - Downloading https://repo.maven.apache.org/maven2/net/sf/ehcache/ehcache-core/2.4.2/ehcache-core-2.4.2.pom
2018-10-07 15:51:34,850 [Worker-24: Building workspace] INFO  o.e.m.c.i.e.AbstractTransferListenerAdapter - Downloaded https://repo.maven.apache.org/maven2/net/sf/ehcache/ehcache-core/2.4.2/ehcache-core-2.4.2.pom
2018-10-07 15:51:34,889 [Worker-24: Building workspace] INFO  o.e.m.c.i.e.AbstractTransferListenerAdapter - Downloading https://repo.maven.apache.org/maven2/net/sf/ehcache/ehcache-parent/2.2/ehcache-parent-2.2.pom
2018-10-07 15:51:34,929 [Worker-24: Building workspace] INFO  o.e.m.c.i.e.AbstractTransferListenerAdapter - Downloaded https://repo.maven.apache.org/maven2/net/sf/ehcache/ehcache-parent/2.2/ehcache-parent-2.2.pom
2018-10-07 15:51:34,968 [Worker-24: Building workspace] INFO  o.e.m.c.i.e.AbstractTransferListenerAdapter - Downloading https://repo.maven.apache.org/maven2/org/slf4j/slf4j-api/1.6.1/slf4j-api-1.6.1.pom
2018-10-07 15:51:34,998 [Worker-24: Building workspace] INFO  o.e.m.c.i.e.AbstractTransferListenerAdapter - Downloaded https://repo.maven.apache.org/maven2/org/slf4j/slf4j-api/1.6.1/slf4j-api-1.6.1.pom
2018-10-07 15:51:35,028 [Worker-24: Building workspace] INFO  o.e.m.c.i.e.AbstractTransferListenerAdapter - Downloading https://repo.maven.apache.org/maven2/org/slf4j/slf4j-parent/1.6.1/slf4j-parent-1.6.1.pom
2018-10-07 15:51:35,060 [Worker-24: Building workspace] INFO  o.e.m.c.i.e.AbstractTransferListenerAdapter - Downloaded https://repo.maven.apache.org/maven2/org/slf4j/slf4j-parent/1.6.1/slf4j-parent-1.6.1.pom
2018-10-07 15:51:35,090 [Worker-24: Building workspace] INFO  o.e.m.c.i.e.AbstractTransferListenerAdapter - Downloading https://repo.maven.apache.org/maven2/org/hibernate/hibernate-ehcache/4.0.0.Final/hibernate-ehcache-4.0.0.Final.pom
2018-10-07 15:51:35,120 [Worker-24: Building workspace] INFO  o.e.m.c.i.e.AbstractTransferListenerAdapter - Downloaded https://repo.maven.apache.org/maven2/org/hibernate/hibernate-ehcache/4.0.0.Final/hibernate-ehcache-4.0.0.Final.pom
2018-10-07 15:51:35,151 [Worker-24: Building workspace] INFO  o.e.m.c.i.e.AbstractTransferListenerAdapter - Downloading https://repo.maven.apache.org/maven2/org/hibernate/hibernate-core/4.0.0.Final/hibernate-core-4.0.0.Final.pom
2018-10-07 15:51:35,207 [Worker-24: Building workspace] INFO  o.e.m.c.i.e.AbstractTransferListenerAdapter - Downloaded https://repo.maven.apache.org/maven2/org/hibernate/hibernate-core/4.0.0.Final/hibernate-core-4.0.0.Final.pom
2018-10-07 15:51:35,364 [Worker-24: Building workspace] INFO  o.e.m.c.i.e.AbstractTransferListenerAdapter - Downloading https://repo.maven.apache.org/maven2/org/jboss/spec/javax/transaction/jboss-transaction-api_1.1_spec/1.0.0.Final/jboss-transaction-api_1.1_spec-1.0.0.Final.pom
2018-10-07 15:51:35,393 [Worker-24: Building workspace] INFO  o.e.m.c.i.e.AbstractTransferListenerAdapter - Downloaded https://repo.maven.apache.org/maven2/org/jboss/spec/javax/transaction/jboss-transaction-api_1.1_spec/1.0.0.Final/jboss-transaction-api_1.1_spec-1.0.0.Final.pom
2018-10-07 15:51:35,422 [Worker-24: Building workspace] INFO  o.e.m.c.i.e.AbstractTransferListenerAdapter - Downloading https://repo.maven.apache.org/maven2/org/jboss/spec/jboss-specs-parent/1.0.0.Beta2/jboss-specs-parent-1.0.0.Beta2.pom
2018-10-07 15:51:35,452 [Worker-24: Building workspace] INFO  o.e.m.c.i.e.AbstractTransferListenerAdapter - Downloaded https://repo.maven.apache.org/maven2/org/jboss/spec/jboss-specs-parent/1.0.0.Beta2/jboss-specs-parent-1.0.0.Beta2.pom
2018-10-07 15:51:35,500 [Worker-24: Building workspace] INFO  o.e.m.c.i.e.AbstractTransferListenerAdapter - Downloading https://repo.maven.apache.org/maven2/org/jboss/jboss-parent/5/jboss-parent-5.pom
2018-10-07 15:51:35,540 [Worker-24: Building workspace] INFO  o.e.m.c.i.e.AbstractTransferListenerAdapter - Downloaded https://repo.maven.apache.org/maven2/org/jboss/jboss-parent/5/jboss-parent-5.pom
2018-10-07 15:51:35,648 [Worker-24: Building workspace] INFO  o.e.m.c.i.e.AbstractTransferListenerAdapter - Downloading https://repo.maven.apache.org/maven2/org/hibernate/javax/persistence/hibernate-jpa-2.0-api/1.0.1.Final/hibernate-jpa-2.0-api-1.0.1.Final.pom
2018-10-07 15:51:35,682 [Worker-24: Building workspace] INFO  o.e.m.c.i.e.AbstractTransferListenerAdapter - Downloaded https://repo.maven.apache.org/maven2/org/hibernate/javax/persistence/hibernate-jpa-2.0-api/1.0.1.Final/hibernate-jpa-2.0-api-1.0.1.Final.pom
2018-10-07 15:51:35,765 [Worker-24: Building workspace] INFO  o.e.m.c.i.e.AbstractTransferListenerAdapter - Downloading https://repo.maven.apache.org/maven2/org/jboss/logging/jboss-logging/3.1.0.CR2/jboss-logging-3.1.0.CR2.pom
2018-10-07 15:51:35,797 [Worker-24: Building workspace] INFO  o.e.m.c.i.e.AbstractTransferListenerAdapter - Downloaded https://repo.maven.apache.org/maven2/org/jboss/logging/jboss-logging/3.1.0.CR2/jboss-logging-3.1.0.CR2.pom
2018-10-07 15:51:35,828 [Worker-24: Building workspace] INFO  o.e.m.c.i.e.AbstractTransferListenerAdapter - Downloading https://repo.maven.apache.org/maven2/org/jboss/jboss-parent/6/jboss-parent-6.pom
2018-10-07 15:51:35,865 [Worker-24: Building workspace] INFO  o.e.m.c.i.e.AbstractTransferListenerAdapter - Downloaded https://repo.maven.apache.org/maven2/org/jboss/jboss-parent/6/jboss-parent-6.pom
2018-10-07 15:51:35,900 [Worker-24: Building workspace] INFO  o.e.m.c.i.e.AbstractTransferListenerAdapter - Downloading https://repo.maven.apache.org/maven2/com/fasterxml/classmate/0.5.4/classmate-0.5.4.pom
2018-10-07 15:51:35,931 [Worker-24: Building workspace] INFO  o.e.m.c.i.e.AbstractTransferListenerAdapter - Downloaded https://repo.maven.apache.org/maven2/com/fasterxml/classmate/0.5.4/classmate-0.5.4.pom
2018-10-07 15:51:35,963 [Worker-24: Building workspace] INFO  o.e.m.c.i.e.AbstractTransferListenerAdapter - Downloading https://repo.maven.apache.org/maven2/org/sonatype/oss/oss-parent/5/oss-parent-5.pom
2018-10-07 15:51:35,995 [Worker-24: Building workspace] INFO  o.e.m.c.i.e.AbstractTransferListenerAdapter - Downloaded https://repo.maven.apache.org/maven2/org/sonatype/oss/oss-parent/5/oss-parent-5.pom
2018-10-07 15:51:36,034 [Worker-24: Building workspace] INFO  o.e.m.c.i.e.AbstractTransferListenerAdapter - Downloading https://repo.maven.apache.org/maven2/org/jboss/jandex/1.0.3.Final/jandex-1.0.3.Final.pom
2018-10-07 15:51:36,082 [Worker-24: Building workspace] INFO  o.e.m.c.i.e.AbstractTransferListenerAdapter - Downloaded https://repo.maven.apache.org/maven2/org/jboss/jandex/1.0.3.Final/jandex-1.0.3.Final.pom
2018-10-07 15:51:36,130 [Worker-24: Building workspace] INFO  o.e.m.c.i.e.AbstractTransferListenerAdapter - Downloading https://repo.maven.apache.org/maven2/org/hibernate/common/hibernate-commons-annotations/4.0.1.Final/hibernate-commons-annotations-4.0.1.Final.pom
2018-10-07 15:51:36,202 [Worker-24: Building workspace] INFO  o.e.m.c.i.e.AbstractTransferListenerAdapter - Downloaded https://repo.maven.apache.org/maven2/org/hibernate/common/hibernate-commons-annotations/4.0.1.Final/hibernate-commons-annotations-4.0.1.Final.pom
2018-10-07 15:51:36,248 [Worker-24: Building workspace] INFO  o.e.m.c.i.e.AbstractTransferListenerAdapter - Downloading https://repo.maven.apache.org/maven2/javassist/javassist/3.12.1.GA/javassist-3.12.1.GA.pom
2018-10-07 15:51:36,289 [Worker-24: Building workspace] INFO  o.e.m.c.i.e.AbstractTransferListenerAdapter - Downloaded https://repo.maven.apache.org/maven2/javassist/javassist/3.12.1.GA/javassist-3.12.1.GA.pom
2018-10-07 15:51:36,334 [Worker-24: Building workspace] INFO  o.e.m.c.i.e.AbstractTransferListenerAdapter - Downloading https://repo.maven.apache.org/maven2/net/sf/ehcache/ehcache-core/2.4.3/ehcache-core-2.4.3.pom
2018-10-07 15:51:36,371 [Worker-24: Building workspace] INFO  o.e.m.c.i.e.AbstractTransferListenerAdapter - Downloaded https://repo.maven.apache.org/maven2/net/sf/ehcache/ehcache-core/2.4.3/ehcache-core-2.4.3.pom
2018-10-07 15:51:36,450 [Worker-24: Building workspace] INFO  o.e.m.c.i.e.AbstractTransferListenerAdapter - Downloading https://repo.maven.apache.org/maven2/net/sf/ehcache/ehcache-core/2.4.2/ehcache-core-2.4.2.jar
2018-10-07 15:51:36,989 [Worker-24: Building workspace] INFO  o.e.m.c.i.e.AbstractTransferListenerAdapter - Downloaded https://repo.maven.apache.org/maven2/net/sf/ehcache/ehcache-core/2.4.2/ehcache-core-2.4.2.jar
2018-10-07 15:51:37,018 [Worker-24: Building workspace] INFO  o.e.m.c.i.e.AbstractTransferListenerAdapter - Downloading https://repo.maven.apache.org/maven2/org/hibernate/hibernate-ehcache/4.0.0.Final/hibernate-ehcache-4.0.0.Final.jar
2018-10-07 15:51:37,101 [Worker-24: Building workspace] INFO  o.e.m.c.i.e.AbstractTransferListenerAdapter - Downloaded https://repo.maven.apache.org/maven2/org/hibernate/hibernate-ehcache/4.0.0.Final/hibernate-ehcache-4.0.0.Final.jar
2018-10-07 15:51:39,367 [Worker-24: Building workspace] WARN  o.e.m.c.i.embedder.EclipseLogger - Using platform encoding (Cp1252 actually) to copy filtered resources, i.e. build is platform dependent!
2018-10-07 15:51:39,379 [Worker-24: Building workspace] INFO  o.e.m.c.i.embedder.EclipseLogger - Copying 0 resource
2018-10-07 15:51:39,384 [Worker-24: Building workspace] WARN  o.e.m.c.i.embedder.EclipseLogger - Using platform encoding (Cp1252 actually) to copy filtered resources, i.e. build is platform dependent!
2018-10-07 15:51:39,394 [Worker-24: Building workspace] INFO  o.e.m.c.i.embedder.EclipseLogger - Copying 0 resource
2018-10-07 15:51:39,455 [Worker-21: Download sources and javadoc] INFO  o.e.m.c.i.e.AbstractTransferListenerAdapter - Downloading https://repo.maven.apache.org/maven2/net/sf/ehcache/ehcache-core/2.4.2/ehcache-core-2.4.2-sources.jar
2018-10-07 15:51:40,145 [Worker-21: Download sources and javadoc] INFO  o.e.m.c.i.e.AbstractTransferListenerAdapter - Downloaded https://repo.maven.apache.org/maven2/net/sf/ehcache/ehcache-core/2.4.2/ehcache-core-2.4.2-sources.jar
2018-10-07 15:51:40,346 [Worker-21: Download sources and javadoc] INFO  o.e.m.j.internal.DownloadSourcesJob - Downloaded sources for net.sf.ehcache:ehcache-core:2.4.2
2018-10-07 15:51:40,387 [Worker-21: Download sources and javadoc] INFO  o.e.m.c.i.e.AbstractTransferListenerAdapter - Downloading https://repo.maven.apache.org/maven2/org/hibernate/hibernate-ehcache/4.0.0.Final/hibernate-ehcache-4.0.0.Final-sources.jar
2018-10-07 15:51:40,509 [Worker-21: Download sources and javadoc] INFO  o.e.m.c.i.e.AbstractTransferListenerAdapter - Downloaded https://repo.maven.apache.org/maven2/org/hibernate/hibernate-ehcache/4.0.0.Final/hibernate-ehcache-4.0.0.Final-sources.jar
2018-10-07 15:51:40,904 [Worker-21: Download sources and javadoc] INFO  o.e.m.j.internal.DownloadSourcesJob - Downloaded sources for org.hibernate:hibernate-ehcache:4.0.0.Final
2018-10-07 15:51:40,922 [Worker-26: Building workspace] WARN  o.e.m.c.i.embedder.EclipseLogger - Using platform encoding (Cp1252 actually) to copy filtered resources, i.e. build is platform dependent!
2018-10-07 15:51:40,934 [Worker-26: Building workspace] INFO  o.e.m.c.i.embedder.EclipseLogger - Copying 0 resource
2018-10-07 15:51:40,938 [Worker-26: Building workspace] WARN  o.e.m.c.i.embedder.EclipseLogger - Using platform encoding (Cp1252 actually) to copy filtered resources, i.e. build is platform dependent!
2018-10-07 15:51:40,949 [Worker-26: Building workspace] INFO  o.e.m.c.i.embedder.EclipseLogger - Copying 0 resource
2018-10-07 15:51:42,081 [Worker-25: Building workspace] WARN  o.e.m.c.i.embedder.EclipseLogger - Using platform encoding (Cp1252 actually) to copy filtered resources, i.e. build is platform dependent!
2018-10-07 15:51:42,093 [Worker-25: Building workspace] INFO  o.e.m.c.i.embedder.EclipseLogger - Copying 0 resource
2018-10-07 15:51:42,097 [Worker-25: Building workspace] WARN  o.e.m.c.i.embedder.EclipseLogger - Using platform encoding (Cp1252 actually) to copy filtered resources, i.e. build is platform dependent!
2018-10-07 15:51:42,106 [Worker-25: Building workspace] INFO  o.e.m.c.i.embedder.EclipseLogger - Copying 0 resource
2018-10-07 15:56:55,167 [Worker-27: Building workspace] WARN  o.e.m.c.i.embedder.EclipseLogger - Using platform encoding (Cp1252 actually) to copy filtered resources, i.e. build is platform dependent!
2018-10-07 15:56:55,275 [Worker-27: Building workspace] INFO  o.e.m.c.i.embedder.EclipseLogger - Copying 1 resource
2018-10-07 15:56:55,306 [Worker-27: Building workspace] WARN  o.e.m.c.i.embedder.EclipseLogger - Using platform encoding (Cp1252 actually) to copy filtered resources, i.e. build is platform dependent!
2018-10-07 15:56:55,313 [Worker-27: Building workspace] INFO  o.e.m.c.i.embedder.EclipseLogger - Copying 0 resource
2018-10-07 16:00:52,702 [Worker-29: Building workspace] WARN  o.e.m.c.i.embedder.EclipseLogger - Using platform encoding (Cp1252 actually) to copy filtered resources, i.e. build is platform dependent!
2018-10-07 16:00:52,707 [Worker-29: Building workspace] INFO  o.e.m.c.i.embedder.EclipseLogger - Copying 1 resource
2018-10-07 16:00:52,710 [Worker-29: Building workspace] WARN  o.e.m.c.i.embedder.EclipseLogger - Using platform encoding (Cp1252 actually) to copy filtered resources, i.e. build is platform dependent!
2018-10-07 16:00:52,715 [Worker-29: Building workspace] INFO  o.e.m.c.i.embedder.EclipseLogger - Copying 0 resource
2018-10-07 16:02:20,380 [Worker-31: Building workspace] WARN  o.e.m.c.i.embedder.EclipseLogger - Using platform encoding (Cp1252 actually) to copy filtered resources, i.e. build is platform dependent!
2018-10-07 16:02:20,392 [Worker-31: Building workspace] INFO  o.e.m.c.i.embedder.EclipseLogger - Copying 1 resource
2018-10-07 16:02:20,397 [Worker-31: Building workspace] WARN  o.e.m.c.i.embedder.EclipseLogger - Using platform encoding (Cp1252 actually) to copy filtered resources, i.e. build is platform dependent!
2018-10-07 16:02:20,404 [Worker-31: Building workspace] INFO  o.e.m.c.i.embedder.EclipseLogger - Copying 0 resource
2018-10-07 16:04:35,352 [Worker-31: Building workspace] WARN  o.e.m.c.i.embedder.EclipseLogger - Using platform encoding (Cp1252 actually) to copy filtered resources, i.e. build is platform dependent!
2018-10-07 16:04:35,367 [Worker-31: Building workspace] INFO  o.e.m.c.i.embedder.EclipseLogger - Copying 1 resource
2018-10-07 16:04:35,371 [Worker-31: Building workspace] WARN  o.e.m.c.i.embedder.EclipseLogger - Using platform encoding (Cp1252 actually) to copy filtered resources, i.e. build is platform dependent!
2018-10-07 16:04:35,378 [Worker-31: Building workspace] INFO  o.e.m.c.i.embedder.EclipseLogger - Copying 0 resource
2018-10-07 16:09:16,627 [Worker-25: Building workspace] WARN  o.e.m.c.i.embedder.EclipseLogger - Using platform encoding (Cp1252 actually) to copy filtered resources, i.e. build is platform dependent!
2018-10-07 16:09:16,644 [Worker-25: Building workspace] INFO  o.e.m.c.i.embedder.EclipseLogger - Copying 1 resource
2018-10-07 16:09:16,652 [Worker-25: Building workspace] WARN  o.e.m.c.i.embedder.EclipseLogger - Using platform encoding (Cp1252 actually) to copy filtered resources, i.e. build is platform dependent!
2018-10-07 16:09:16,663 [Worker-25: Building workspace] INFO  o.e.m.c.i.embedder.EclipseLogger - Copying 0 resource
2018-10-07 16:11:49,251 [Worker-36: Building workspace] WARN  o.e.m.c.i.embedder.EclipseLogger - Using platform encoding (Cp1252 actually) to copy filtered resources, i.e. build is platform dependent!
2018-10-07 16:11:49,261 [Worker-36: Building workspace] INFO  o.e.m.c.i.embedder.EclipseLogger - Copying 1 resource
2018-10-07 16:11:49,262 [Worker-36: Building workspace] WARN  o.e.m.c.i.embedder.EclipseLogger - Using platform encoding (Cp1252 actually) to copy filtered resources, i.e. build is platform dependent!
2018-10-07 16:11:49,270 [Worker-36: Building workspace] INFO  o.e.m.c.i.embedder.EclipseLogger - Copying 0 resource
2018-10-07 16:16:58,152 [Worker-35: Building workspace] WARN  o.e.m.c.i.embedder.EclipseLogger - Using platform encoding (Cp1252 actually) to copy filtered resources, i.e. build is platform dependent!
2018-10-07 16:16:58,190 [Worker-35: Building workspace] INFO  o.e.m.c.i.embedder.EclipseLogger - Copying 1 resource
2018-10-07 16:16:58,192 [Worker-35: Building workspace] WARN  o.e.m.c.i.embedder.EclipseLogger - Using platform encoding (Cp1252 actually) to copy filtered resources, i.e. build is platform dependent!
2018-10-07 16:16:58,198 [Worker-35: Building workspace] INFO  o.e.m.c.i.embedder.EclipseLogger - Copying 0 resource
2018-10-07 16:54:34,472 [Worker-51: Launching Program] WARN  o.e.m.c.i.embedder.EclipseLogger - Using platform encoding (Cp1252 actually) to copy filtered resources, i.e. build is platform dependent!
2018-10-07 16:54:34,522 [Worker-51: Launching Program] INFO  o.e.m.c.i.embedder.EclipseLogger - Copying 1 resource
2018-10-07 16:54:34,524 [Worker-51: Launching Program] WARN  o.e.m.c.i.embedder.EclipseLogger - Using platform encoding (Cp1252 actually) to copy filtered resources, i.e. build is platform dependent!
2018-10-07 16:54:34,529 [Worker-51: Launching Program] INFO  o.e.m.c.i.embedder.EclipseLogger - Copying 0 resource
2018-10-07 16:57:13,685 [Worker-51: Building workspace] WARN  o.e.m.c.i.embedder.EclipseLogger - Using platform encoding (Cp1252 actually) to copy filtered resources, i.e. build is platform dependent!
2018-10-07 16:57:13,692 [Worker-51: Building workspace] INFO  o.e.m.c.i.embedder.EclipseLogger - Copying 1 resource
2018-10-07 16:57:13,695 [Worker-51: Building workspace] WARN  o.e.m.c.i.embedder.EclipseLogger - Using platform encoding (Cp1252 actually) to copy filtered resources, i.e. build is platform dependent!
2018-10-07 16:57:13,700 [Worker-51: Building workspace] INFO  o.e.m.c.i.embedder.EclipseLogger - Copying 0 resource
2018-10-07 17:06:07,806 [Worker-55: Building workspace] WARN  o.e.m.c.i.embedder.EclipseLogger - Using platform encoding (Cp1252 actually) to copy filtered resources, i.e. build is platform dependent!
2018-10-07 17:06:07,823 [Worker-55: Building workspace] INFO  o.e.m.c.i.embedder.EclipseLogger - Copying 1 resource
2018-10-07 17:06:07,828 [Worker-55: Building workspace] WARN  o.e.m.c.i.embedder.EclipseLogger - Using platform encoding (Cp1252 actually) to copy filtered resources, i.e. build is platform dependent!
2018-10-07 17:06:07,837 [Worker-55: Building workspace] INFO  o.e.m.c.i.embedder.EclipseLogger - Copying 0 resource
2018-10-07 17:09:00,387 [Worker-62: Building workspace] WARN  o.e.m.c.i.embedder.EclipseLogger - Using platform encoding (Cp1252 actually) to copy filtered resources, i.e. build is platform dependent!
2018-10-07 17:09:00,466 [Worker-62: Building workspace] INFO  o.e.m.c.i.embedder.EclipseLogger - Copying 1 resource
2018-10-07 17:09:00,468 [Worker-62: Building workspace] WARN  o.e.m.c.i.embedder.EclipseLogger - Using platform encoding (Cp1252 actually) to copy filtered resources, i.e. build is platform dependent!
2018-10-07 17:09:00,482 [Worker-62: Building workspace] INFO  o.e.m.c.i.embedder.EclipseLogger - Copying 0 resource
2018-10-07 17:09:15,024 [Worker-64: Building workspace] WARN  o.e.m.c.i.embedder.EclipseLogger - Using platform encoding (Cp1252 actually) to copy filtered resources, i.e. build is platform dependent!
2018-10-07 17:09:15,030 [Worker-64: Building workspace] INFO  o.e.m.c.i.embedder.EclipseLogger - Copying 1 resource
2018-10-07 17:09:15,031 [Worker-64: Building workspace] WARN  o.e.m.c.i.embedder.EclipseLogger - Using platform encoding (Cp1252 actually) to copy filtered resources, i.e. build is platform dependent!
2018-10-07 17:09:15,036 [Worker-64: Building workspace] INFO  o.e.m.c.i.embedder.EclipseLogger - Copying 0 resource
2018-10-07 17:09:38,799 [Worker-63: Building workspace] WARN  o.e.m.c.i.embedder.EclipseLogger - Using platform encoding (Cp1252 actually) to copy filtered resources, i.e. build is platform dependent!
2018-10-07 17:09:38,805 [Worker-63: Building workspace] INFO  o.e.m.c.i.embedder.EclipseLogger - Copying 1 resource
2018-10-07 17:09:38,807 [Worker-63: Building workspace] WARN  o.e.m.c.i.embedder.EclipseLogger - Using platform encoding (Cp1252 actually) to copy filtered resources, i.e. build is platform dependent!
2018-10-07 17:09:38,812 [Worker-63: Building workspace] INFO  o.e.m.c.i.embedder.EclipseLogger - Copying 0 resource
2018-10-07 17:12:02,312 [Worker-62: Building workspace] WARN  o.e.m.c.i.embedder.EclipseLogger - Using platform encoding (Cp1252 actually) to copy filtered resources, i.e. build is platform dependent!
2018-10-07 17:12:02,319 [Worker-62: Building workspace] INFO  o.e.m.c.i.embedder.EclipseLogger - Copying 1 resource
2018-10-07 17:12:02,322 [Worker-62: Building workspace] WARN  o.e.m.c.i.embedder.EclipseLogger - Using platform encoding (Cp1252 actually) to copy filtered resources, i.e. build is platform dependent!
2018-10-07 17:12:02,329 [Worker-62: Building workspace] INFO  o.e.m.c.i.embedder.EclipseLogger - Copying 0 resource
2018-10-07 17:12:14,273 [Worker-62: Building workspace] WARN  o.e.m.c.i.embedder.EclipseLogger - Using platform encoding (Cp1252 actually) to copy filtered resources, i.e. build is platform dependent!
2018-10-07 17:12:14,280 [Worker-62: Building workspace] INFO  o.e.m.c.i.embedder.EclipseLogger - Copying 1 resource
2018-10-07 17:12:14,282 [Worker-62: Building workspace] WARN  o.e.m.c.i.embedder.EclipseLogger - Using platform encoding (Cp1252 actually) to copy filtered resources, i.e. build is platform dependent!
2018-10-07 17:12:14,288 [Worker-62: Building workspace] INFO  o.e.m.c.i.embedder.EclipseLogger - Copying 0 resource
2018-10-07 17:15:21,526 [Worker-67: Building workspace] WARN  o.e.m.c.i.embedder.EclipseLogger - Using platform encoding (Cp1252 actually) to copy filtered resources, i.e. build is platform dependent!
2018-10-07 17:15:21,536 [Worker-67: Building workspace] INFO  o.e.m.c.i.embedder.EclipseLogger - Copying 2 resources
2018-10-07 17:15:21,539 [Worker-67: Building workspace] WARN  o.e.m.c.i.embedder.EclipseLogger - Using platform encoding (Cp1252 actually) to copy filtered resources, i.e. build is platform dependent!
2018-10-07 17:15:21,546 [Worker-67: Building workspace] INFO  o.e.m.c.i.embedder.EclipseLogger - Copying 0 resource
2018-10-07 17:15:52,703 [Worker-67: Building workspace] WARN  o.e.m.c.i.embedder.EclipseLogger - Using platform encoding (Cp1252 actually) to copy filtered resources, i.e. build is platform dependent!
2018-10-07 17:15:52,708 [Worker-67: Building workspace] INFO  o.e.m.c.i.embedder.EclipseLogger - Copying 2 resources
2018-10-07 17:15:52,710 [Worker-67: Building workspace] WARN  o.e.m.c.i.embedder.EclipseLogger - Using platform encoding (Cp1252 actually) to copy filtered resources, i.e. build is platform dependent!
2018-10-07 17:15:52,714 [Worker-67: Building workspace] INFO  o.e.m.c.i.embedder.EclipseLogger - Copying 0 resource
2018-10-07 17:19:47,822 [Worker-66: Building workspace] WARN  o.e.m.c.i.embedder.EclipseLogger - Using platform encoding (Cp1252 actually) to copy filtered resources, i.e. build is platform dependent!
2018-10-07 17:19:47,828 [Worker-66: Building workspace] INFO  o.e.m.c.i.embedder.EclipseLogger - Copying 1 resource
2018-10-07 17:19:47,831 [Worker-66: Building workspace] WARN  o.e.m.c.i.embedder.EclipseLogger - Using platform encoding (Cp1252 actually) to copy filtered resources, i.e. build is platform dependent!
2018-10-07 17:19:47,837 [Worker-66: Building workspace] INFO  o.e.m.c.i.embedder.EclipseLogger - Copying 0 resource
2018-10-07 17:20:05,406 [Worker-72: Building workspace] WARN  o.e.m.c.i.embedder.EclipseLogger - Using platform encoding (Cp1252 actually) to copy filtered resources, i.e. build is platform dependent!
2018-10-07 17:20:05,417 [Worker-72: Building workspace] INFO  o.e.m.c.i.embedder.EclipseLogger - Copying 2 resources
2018-10-07 17:20:05,421 [Worker-72: Building workspace] WARN  o.e.m.c.i.embedder.EclipseLogger - Using platform encoding (Cp1252 actually) to copy filtered resources, i.e. build is platform dependent!
2018-10-07 17:20:05,428 [Worker-72: Building workspace] INFO  o.e.m.c.i.embedder.EclipseLogger - Copying 0 resource
2018-10-07 17:21:25,331 [Worker-72: Building workspace] WARN  o.e.m.c.i.embedder.EclipseLogger - Using platform encoding (Cp1252 actually) to copy filtered resources, i.e. build is platform dependent!
2018-10-07 17:21:25,344 [Worker-72: Building workspace] INFO  o.e.m.c.i.embedder.EclipseLogger - Copying 1 resource
2018-10-07 17:21:25,348 [Worker-72: Building workspace] WARN  o.e.m.c.i.embedder.EclipseLogger - Using platform encoding (Cp1252 actually) to copy filtered resources, i.e. build is platform dependent!
2018-10-07 17:21:25,357 [Worker-72: Building workspace] INFO  o.e.m.c.i.embedder.EclipseLogger - Copying 0 resource
2018-10-07 17:35:03,373 [Worker-76: Building workspace] WARN  o.e.m.c.i.embedder.EclipseLogger - Using platform encoding (Cp1252 actually) to copy filtered resources, i.e. build is platform dependent!
2018-10-07 17:35:03,433 [Worker-76: Building workspace] INFO  o.e.m.c.i.embedder.EclipseLogger - Copying 3 resources
2018-10-07 17:35:03,435 [Worker-76: Building workspace] WARN  o.e.m.c.i.embedder.EclipseLogger - Using platform encoding (Cp1252 actually) to copy filtered resources, i.e. build is platform dependent!
2018-10-07 17:35:03,444 [Worker-76: Building workspace] INFO  o.e.m.c.i.embedder.EclipseLogger - Copying 0 resource
2018-10-07 17:37:07,865 [Worker-77: Building workspace] WARN  o.e.m.c.i.embedder.EclipseLogger - Using platform encoding (Cp1252 actually) to copy filtered resources, i.e. build is platform dependent!
2018-10-07 17:37:07,871 [Worker-77: Building workspace] INFO  o.e.m.c.i.embedder.EclipseLogger - Copying 3 resources
2018-10-07 17:37:07,872 [Worker-77: Building workspace] WARN  o.e.m.c.i.embedder.EclipseLogger - Using platform encoding (Cp1252 actually) to copy filtered resources, i.e. build is platform dependent!
2018-10-07 17:37:07,877 [Worker-77: Building workspace] INFO  o.e.m.c.i.embedder.EclipseLogger - Copying 0 resource
2018-10-07 17:38:29,555 [Worker-84: Building workspace] WARN  o.e.m.c.i.embedder.EclipseLogger - Using platform encoding (Cp1252 actually) to copy filtered resources, i.e. build is platform dependent!
2018-10-07 17:38:29,560 [Worker-84: Building workspace] INFO  o.e.m.c.i.embedder.EclipseLogger - Copying 1 resource
2018-10-07 17:38:29,563 [Worker-84: Building workspace] WARN  o.e.m.c.i.embedder.EclipseLogger - Using platform encoding (Cp1252 actually) to copy filtered resources, i.e. build is platform dependent!
2018-10-07 17:38:29,568 [Worker-84: Building workspace] INFO  o.e.m.c.i.embedder.EclipseLogger - Copying 0 resource
2018-10-07 17:38:33,963 [Worker-86: Building workspace] WARN  o.e.m.c.i.embedder.EclipseLogger - Using platform encoding (Cp1252 actually) to copy filtered resources, i.e. build is platform dependent!
2018-10-07 17:38:33,979 [Worker-86: Building workspace] INFO  o.e.m.c.i.embedder.EclipseLogger - Copying 1 resource
2018-10-07 17:38:33,983 [Worker-86: Building workspace] WARN  o.e.m.c.i.embedder.EclipseLogger - Using platform encoding (Cp1252 actually) to copy filtered resources, i.e. build is platform dependent!
2018-10-07 17:38:34,000 [Worker-86: Building workspace] INFO  o.e.m.c.i.embedder.EclipseLogger - Copying 0 resource
2018-10-07 17:38:41,285 [Worker-83: Building workspace] WARN  o.e.m.c.i.embedder.EclipseLogger - Using platform encoding (Cp1252 actually) to copy filtered resources, i.e. build is platform dependent!
2018-10-07 17:38:41,290 [Worker-83: Building workspace] INFO  o.e.m.c.i.embedder.EclipseLogger - Copying 1 resource
2018-10-07 17:38:41,292 [Worker-83: Building workspace] WARN  o.e.m.c.i.embedder.EclipseLogger - Using platform encoding (Cp1252 actually) to copy filtered resources, i.e. build is platform dependent!
2018-10-07 17:38:41,297 [Worker-83: Building workspace] INFO  o.e.m.c.i.embedder.EclipseLogger - Copying 0 resource
2018-10-07 17:48:11,707 [Worker-86: Building workspace] WARN  o.e.m.c.i.embedder.EclipseLogger - Using platform encoding (Cp1252 actually) to copy filtered resources, i.e. build is platform dependent!
2018-10-07 17:48:11,819 [Worker-86: Building workspace] INFO  o.e.m.c.i.embedder.EclipseLogger - Copying 4 resources
2018-10-07 17:48:11,822 [Worker-86: Building workspace] WARN  o.e.m.c.i.embedder.EclipseLogger - Using platform encoding (Cp1252 actually) to copy filtered resources, i.e. build is platform dependent!
2018-10-07 17:48:11,832 [Worker-86: Building workspace] INFO  o.e.m.c.i.embedder.EclipseLogger - Copying 0 resource
2018-10-07 18:08:09,104 [Worker-91: Building workspace] WARN  o.e.m.c.i.embedder.EclipseLogger - Using platform encoding (Cp1252 actually) to copy filtered resources, i.e. build is platform dependent!
2018-10-07 18:08:09,215 [Worker-91: Building workspace] INFO  o.e.m.c.i.embedder.EclipseLogger - Copying 4 resources
2018-10-07 18:08:09,217 [Worker-91: Building workspace] WARN  o.e.m.c.i.embedder.EclipseLogger - Using platform encoding (Cp1252 actually) to copy filtered resources, i.e. build is platform dependent!
2018-10-07 18:08:09,226 [Worker-91: Building workspace] INFO  o.e.m.c.i.embedder.EclipseLogger - Copying 0 resource
2018-10-07 19:09:39,105 [Worker-104: Building workspace] WARN  o.e.m.c.i.embedder.EclipseLogger - Using platform encoding (Cp1252 actually) to copy filtered resources, i.e. build is platform dependent!
2018-10-07 19:09:39,209 [Worker-104: Building workspace] INFO  o.e.m.c.i.embedder.EclipseLogger - Copying 4 resources
2018-10-07 19:09:39,211 [Worker-104: Building workspace] WARN  o.e.m.c.i.embedder.EclipseLogger - Using platform encoding (Cp1252 actually) to copy filtered resources, i.e. build is platform dependent!
2018-10-07 19:09:39,216 [Worker-104: Building workspace] INFO  o.e.m.c.i.embedder.EclipseLogger - Copying 0 resource
2018-10-07 19:25:05,392 [Worker-108: Building workspace] WARN  o.e.m.c.i.embedder.EclipseLogger - Using platform encoding (Cp1252 actually) to copy filtered resources, i.e. build is platform dependent!
2018-10-07 19:25:05,422 [Worker-108: Building workspace] INFO  o.e.m.c.i.embedder.EclipseLogger - Copying 4 resources
2018-10-07 19:25:05,423 [Worker-108: Building workspace] WARN  o.e.m.c.i.embedder.EclipseLogger - Using platform encoding (Cp1252 actually) to copy filtered resources, i.e. build is platform dependent!
2018-10-07 19:25:05,428 [Worker-108: Building workspace] INFO  o.e.m.c.i.embedder.EclipseLogger - Copying 0 resource
2018-10-07 19:54:43,276 [Worker-119: Building workspace] WARN  o.e.m.c.i.embedder.EclipseLogger - Using platform encoding (Cp1252 actually) to copy filtered resources, i.e. build is platform dependent!
2018-10-07 19:54:43,386 [Worker-119: Building workspace] INFO  o.e.m.c.i.embedder.EclipseLogger - Copying 4 resources
2018-10-07 19:54:43,387 [Worker-119: Building workspace] WARN  o.e.m.c.i.embedder.EclipseLogger - Using platform encoding (Cp1252 actually) to copy filtered resources, i.e. build is platform dependent!
2018-10-07 19:54:43,392 [Worker-119: Building workspace] INFO  o.e.m.c.i.embedder.EclipseLogger - Copying 0 resource
2018-10-07 19:57:56,041 [Worker-126: Building workspace] WARN  o.e.m.c.i.embedder.EclipseLogger - Using platform encoding (Cp1252 actually) to copy filtered resources, i.e. build is platform dependent!
2018-10-07 19:57:56,091 [Worker-126: Building workspace] INFO  o.e.m.c.i.embedder.EclipseLogger - Copying 1 resource
2018-10-07 19:57:56,093 [Worker-126: Building workspace] WARN  o.e.m.c.i.embedder.EclipseLogger - Using platform encoding (Cp1252 actually) to copy filtered resources, i.e. build is platform dependent!
2018-10-07 19:57:56,099 [Worker-126: Building workspace] INFO  o.e.m.c.i.embedder.EclipseLogger - Copying 0 resource
2018-10-07 20:00:42,265 [Worker-125: Building workspace] WARN  o.e.m.c.i.embedder.EclipseLogger - Using platform encoding (Cp1252 actually) to copy filtered resources, i.e. build is platform dependent!
2018-10-07 20:00:42,283 [Worker-125: Building workspace] INFO  o.e.m.c.i.embedder.EclipseLogger - Copying 4 resources
2018-10-07 20:00:42,286 [Worker-125: Building workspace] WARN  o.e.m.c.i.embedder.EclipseLogger - Using platform encoding (Cp1252 actually) to copy filtered resources, i.e. build is platform dependent!
2018-10-07 20:00:42,297 [Worker-125: Building workspace] INFO  o.e.m.c.i.embedder.EclipseLogger - Copying 0 resource
2018-10-07 20:05:02,980 [Worker-127: Building workspace] WARN  o.e.m.c.i.embedder.EclipseLogger - Using platform encoding (Cp1252 actually) to copy filtered resources, i.e. build is platform dependent!
2018-10-07 20:05:03,038 [Worker-127: Building workspace] INFO  o.e.m.c.i.embedder.EclipseLogger - Copying 4 resources
2018-10-07 20:05:03,039 [Worker-127: Building workspace] WARN  o.e.m.c.i.embedder.EclipseLogger - Using platform encoding (Cp1252 actually) to copy filtered resources, i.e. build is platform dependent!
2018-10-07 20:05:03,044 [Worker-127: Building workspace] INFO  o.e.m.c.i.embedder.EclipseLogger - Copying 0 resource
2018-10-07 20:08:27,352 [Worker-126: Launching Program] WARN  o.e.m.c.i.embedder.EclipseLogger - Using platform encoding (Cp1252 actually) to copy filtered resources, i.e. build is platform dependent!
2018-10-07 20:08:27,400 [Worker-126: Launching Program] INFO  o.e.m.c.i.embedder.EclipseLogger - Copying 4 resources
2018-10-07 20:08:27,401 [Worker-126: Launching Program] WARN  o.e.m.c.i.embedder.EclipseLogger - Using platform encoding (Cp1252 actually) to copy filtered resources, i.e. build is platform dependent!
2018-10-07 20:08:27,406 [Worker-126: Launching Program] INFO  o.e.m.c.i.embedder.EclipseLogger - Copying 0 resource
2018-10-07 20:11:42,077 [Worker-131: Launching Program] WARN  o.e.m.c.i.embedder.EclipseLogger - Using platform encoding (Cp1252 actually) to copy filtered resources, i.e. build is platform dependent!
2018-10-07 20:11:42,131 [Worker-131: Launching Program] INFO  o.e.m.c.i.embedder.EclipseLogger - Copying 4 resources
2018-10-07 20:11:42,133 [Worker-131: Launching Program] WARN  o.e.m.c.i.embedder.EclipseLogger - Using platform encoding (Cp1252 actually) to copy filtered resources, i.e. build is platform dependent!
2018-10-07 20:11:42,139 [Worker-131: Launching Program] INFO  o.e.m.c.i.embedder.EclipseLogger - Copying 0 resource
2018-10-07 20:12:15,210 [Worker-125: Launching Program] WARN  o.e.m.c.i.embedder.EclipseLogger - Using platform encoding (Cp1252 actually) to copy filtered resources, i.e. build is platform dependent!
2018-10-07 20:12:15,253 [Worker-125: Launching Program] INFO  o.e.m.c.i.embedder.EclipseLogger - Copying 4 resources
2018-10-07 20:12:15,254 [Worker-125: Launching Program] WARN  o.e.m.c.i.embedder.EclipseLogger - Using platform encoding (Cp1252 actually) to copy filtered resources, i.e. build is platform dependent!
2018-10-07 20:12:15,260 [Worker-125: Launching Program] INFO  o.e.m.c.i.embedder.EclipseLogger - Copying 0 resource
2018-10-07 20:22:58,810 [Worker-138: Launching Program] WARN  o.e.m.c.i.embedder.EclipseLogger - Using platform encoding (Cp1252 actually) to copy filtered resources, i.e. build is platform dependent!
2018-10-07 20:22:58,869 [Worker-138: Launching Program] INFO  o.e.m.c.i.embedder.EclipseLogger - Copying 4 resources
2018-10-07 20:22:58,870 [Worker-138: Launching Program] WARN  o.e.m.c.i.embedder.EclipseLogger - Using platform encoding (Cp1252 actually) to copy filtered resources, i.e. build is platform dependent!
2018-10-07 20:22:58,875 [Worker-138: Launching Program] INFO  o.e.m.c.i.embedder.EclipseLogger - Copying 0 resource
2018-10-07 20:24:16,940 [Worker-142: Launching Program] WARN  o.e.m.c.i.embedder.EclipseLogger - Using platform encoding (Cp1252 actually) to copy filtered resources, i.e. build is platform dependent!
2018-10-07 20:24:16,947 [Worker-142: Launching Program] INFO  o.e.m.c.i.embedder.EclipseLogger - Copying 4 resources
2018-10-07 20:24:16,948 [Worker-142: Launching Program] WARN  o.e.m.c.i.embedder.EclipseLogger - Using platform encoding (Cp1252 actually) to copy filtered resources, i.e. build is platform dependent!
2018-10-07 20:24:16,953 [Worker-142: Launching Program] INFO  o.e.m.c.i.embedder.EclipseLogger - Copying 0 resource
2018-10-07 20:26:37,853 [Worker-145: Launching Program] WARN  o.e.m.c.i.embedder.EclipseLogger - Using platform encoding (Cp1252 actually) to copy filtered resources, i.e. build is platform dependent!
2018-10-07 20:26:37,859 [Worker-145: Launching Program] INFO  o.e.m.c.i.embedder.EclipseLogger - Copying 4 resources
2018-10-07 20:26:37,860 [Worker-145: Launching Program] WARN  o.e.m.c.i.embedder.EclipseLogger - Using platform encoding (Cp1252 actually) to copy filtered resources, i.e. build is platform dependent!
2018-10-07 20:26:37,866 [Worker-145: Launching Program] INFO  o.e.m.c.i.embedder.EclipseLogger - Copying 0 resource
2018-10-07 20:35:01,116 [Worker-145: Launching Program] WARN  o.e.m.c.i.embedder.EclipseLogger - Using platform encoding (Cp1252 actually) to copy filtered resources, i.e. build is platform dependent!
2018-10-07 20:35:01,164 [Worker-145: Launching Program] INFO  o.e.m.c.i.embedder.EclipseLogger - Copying 4 resources
2018-10-07 20:35:01,165 [Worker-145: Launching Program] WARN  o.e.m.c.i.embedder.EclipseLogger - Using platform encoding (Cp1252 actually) to copy filtered resources, i.e. build is platform dependent!
2018-10-07 20:35:01,170 [Worker-145: Launching Program] INFO  o.e.m.c.i.embedder.EclipseLogger - Copying 0 resource
2018-10-07 20:37:26,631 [Worker-155: Launching Program] WARN  o.e.m.c.i.embedder.EclipseLogger - Using platform encoding (Cp1252 actually) to copy filtered resources, i.e. build is platform dependent!
2018-10-07 20:37:26,679 [Worker-155: Launching Program] INFO  o.e.m.c.i.embedder.EclipseLogger - Copying 4 resources
2018-10-07 20:37:26,680 [Worker-155: Launching Program] WARN  o.e.m.c.i.embedder.EclipseLogger - Using platform encoding (Cp1252 actually) to copy filtered resources, i.e. build is platform dependent!
2018-10-07 20:37:26,684 [Worker-155: Launching Program] INFO  o.e.m.c.i.embedder.EclipseLogger - Copying 0 resource
2018-10-07 20:47:29,576 [Worker-145: Launching Program] WARN  o.e.m.c.i.embedder.EclipseLogger - Using platform encoding (Cp1252 actually) to copy filtered resources, i.e. build is platform dependent!
2018-10-07 20:47:29,809 [Worker-145: Launching Program] INFO  o.e.m.c.i.embedder.EclipseLogger - Copying 4 resources
2018-10-07 20:47:29,810 [Worker-145: Launching Program] WARN  o.e.m.c.i.embedder.EclipseLogger - Using platform encoding (Cp1252 actually) to copy filtered resources, i.e. build is platform dependent!
2018-10-07 20:47:29,817 [Worker-145: Launching Program] INFO  o.e.m.c.i.embedder.EclipseLogger - Copying 0 resource
2018-10-07 20:50:50,961 [Worker-165: Launching Program] WARN  o.e.m.c.i.embedder.EclipseLogger - Using platform encoding (Cp1252 actually) to copy filtered resources, i.e. build is platform dependent!
2018-10-07 20:50:51,011 [Worker-165: Launching Program] INFO  o.e.m.c.i.embedder.EclipseLogger - Copying 4 resources
2018-10-07 20:50:51,012 [Worker-165: Launching Program] WARN  o.e.m.c.i.embedder.EclipseLogger - Using platform encoding (Cp1252 actually) to copy filtered resources, i.e. build is platform dependent!
2018-10-07 20:50:51,017 [Worker-165: Launching Program] INFO  o.e.m.c.i.embedder.EclipseLogger - Copying 0 resource
2018-10-07 20:56:02,771 [Worker-145: Launching Program] WARN  o.e.m.c.i.embedder.EclipseLogger - Using platform encoding (Cp1252 actually) to copy filtered resources, i.e. build is platform dependent!
2018-10-07 20:56:02,806 [Worker-145: Launching Program] INFO  o.e.m.c.i.embedder.EclipseLogger - Copying 4 resources
2018-10-07 20:56:02,807 [Worker-145: Launching Program] WARN  o.e.m.c.i.embedder.EclipseLogger - Using platform encoding (Cp1252 actually) to copy filtered resources, i.e. build is platform dependent!
2018-10-07 20:56:02,813 [Worker-145: Launching Program] INFO  o.e.m.c.i.embedder.EclipseLogger - Copying 0 resource
2018-10-07 20:57:27,559 [Worker-169: Launching Program] WARN  o.e.m.c.i.embedder.EclipseLogger - Using platform encoding (Cp1252 actually) to copy filtered resources, i.e. build is platform dependent!
2018-10-07 20:57:27,611 [Worker-169: Launching Program] INFO  o.e.m.c.i.embedder.EclipseLogger - Copying 4 resources
2018-10-07 20:57:27,612 [Worker-169: Launching Program] WARN  o.e.m.c.i.embedder.EclipseLogger - Using platform encoding (Cp1252 actually) to copy filtered resources, i.e. build is platform dependent!
2018-10-07 20:57:27,621 [Worker-169: Launching Program] INFO  o.e.m.c.i.embedder.EclipseLogger - Copying 0 resource
2018-10-07 20:59:09,748 [Worker-169: Launching Program] WARN  o.e.m.c.i.embedder.EclipseLogger - Using platform encoding (Cp1252 actually) to copy filtered resources, i.e. build is platform dependent!
2018-10-07 20:59:09,754 [Worker-169: Launching Program] INFO  o.e.m.c.i.embedder.EclipseLogger - Copying 4 resources
2018-10-07 20:59:09,755 [Worker-169: Launching Program] WARN  o.e.m.c.i.embedder.EclipseLogger - Using platform encoding (Cp1252 actually) to copy filtered resources, i.e. build is platform dependent!
2018-10-07 20:59:09,759 [Worker-169: Launching Program] INFO  o.e.m.c.i.embedder.EclipseLogger - Copying 0 resource
2018-10-07 23:44:58,751 [Worker-204: Building workspace] WARN  o.e.m.c.i.embedder.EclipseLogger - Using platform encoding (Cp1252 actually) to copy filtered resources, i.e. build is platform dependent!
2018-10-07 23:44:58,958 [Worker-204: Building workspace] INFO  o.e.m.c.i.embedder.EclipseLogger - Copying 4 resources
2018-10-07 23:44:58,960 [Worker-204: Building workspace] WARN  o.e.m.c.i.embedder.EclipseLogger - Using platform encoding (Cp1252 actually) to copy filtered resources, i.e. build is platform dependent!
2018-10-07 23:44:58,968 [Worker-204: Building workspace] INFO  o.e.m.c.i.embedder.EclipseLogger - Copying 0 resource
2018-10-07 23:51:12,285 [Worker-204: Building workspace] WARN  o.e.m.c.i.embedder.EclipseLogger - Using platform encoding (Cp1252 actually) to copy filtered resources, i.e. build is platform dependent!
2018-10-07 23:51:12,292 [Worker-204: Building workspace] INFO  o.e.m.c.i.embedder.EclipseLogger - Copying 4 resources
2018-10-07 23:51:12,293 [Worker-204: Building workspace] WARN  o.e.m.c.i.embedder.EclipseLogger - Using platform encoding (Cp1252 actually) to copy filtered resources, i.e. build is platform dependent!
2018-10-07 23:51:12,301 [Worker-204: Building workspace] INFO  o.e.m.c.i.embedder.EclipseLogger - Copying 0 resource
2018-10-08 00:01:06,345 [Worker-200: Building workspace] WARN  o.e.m.c.i.embedder.EclipseLogger - Using platform encoding (Cp1252 actually) to copy filtered resources, i.e. build is platform dependent!
2018-10-08 00:01:06,403 [Worker-200: Building workspace] INFO  o.e.m.c.i.embedder.EclipseLogger - Copying 4 resources
2018-10-08 00:01:06,405 [Worker-200: Building workspace] WARN  o.e.m.c.i.embedder.EclipseLogger - Using platform encoding (Cp1252 actually) to copy filtered resources, i.e. build is platform dependent!
2018-10-08 00:01:06,428 [Worker-200: Building workspace] INFO  o.e.m.c.i.embedder.EclipseLogger - Copying 0 resource
2018-10-08 00:01:56,733 [Worker-207: Building workspace] WARN  o.e.m.c.i.embedder.EclipseLogger - Using platform encoding (Cp1252 actually) to copy filtered resources, i.e. build is platform dependent!
2018-10-08 00:01:56,738 [Worker-207: Building workspace] INFO  o.e.m.c.i.embedder.EclipseLogger - Copying 4 resources
2018-10-08 00:01:56,739 [Worker-207: Building workspace] WARN  o.e.m.c.i.embedder.EclipseLogger - Using platform encoding (Cp1252 actually) to copy filtered resources, i.e. build is platform dependent!
2018-10-08 00:01:56,745 [Worker-207: Building workspace] INFO  o.e.m.c.i.embedder.EclipseLogger - Copying 0 resource
2018-10-08 00:02:34,189 [Worker-209: Building workspace] WARN  o.e.m.c.i.embedder.EclipseLogger - Using platform encoding (Cp1252 actually) to copy filtered resources, i.e. build is platform dependent!
2018-10-08 00:02:34,194 [Worker-209: Building workspace] INFO  o.e.m.c.i.embedder.EclipseLogger - Copying 4 resources
2018-10-08 00:02:34,195 [Worker-209: Building workspace] WARN  o.e.m.c.i.embedder.EclipseLogger - Using platform encoding (Cp1252 actually) to copy filtered resources, i.e. build is platform dependent!
2018-10-08 00:02:34,200 [Worker-209: Building workspace] INFO  o.e.m.c.i.embedder.EclipseLogger - Copying 0 resource
2018-10-08 00:03:46,446 [Worker-209: Building workspace] WARN  o.e.m.c.i.embedder.EclipseLogger - Using platform encoding (Cp1252 actually) to copy filtered resources, i.e. build is platform dependent!
2018-10-08 00:03:46,507 [Worker-209: Building workspace] INFO  o.e.m.c.i.embedder.EclipseLogger - Copying 1 resource
2018-10-08 00:03:46,511 [Worker-209: Building workspace] WARN  o.e.m.c.i.embedder.EclipseLogger - Using platform encoding (Cp1252 actually) to copy filtered resources, i.e. build is platform dependent!
2018-10-08 00:03:46,520 [Worker-209: Building workspace] INFO  o.e.m.c.i.embedder.EclipseLogger - Copying 0 resource
2018-10-08 00:03:54,481 [Worker-209: Building workspace] WARN  o.e.m.c.i.embedder.EclipseLogger - Using platform encoding (Cp1252 actually) to copy filtered resources, i.e. build is platform dependent!
2018-10-08 00:03:54,547 [Worker-209: Building workspace] INFO  o.e.m.c.i.embedder.EclipseLogger - Copying 1 resource
2018-10-08 00:03:54,548 [Worker-209: Building workspace] WARN  o.e.m.c.i.embedder.EclipseLogger - Using platform encoding (Cp1252 actually) to copy filtered resources, i.e. build is platform dependent!
2018-10-08 00:03:54,553 [Worker-209: Building workspace] INFO  o.e.m.c.i.embedder.EclipseLogger - Copying 0 resource
2018-10-08 00:05:00,033 [Worker-210: Launching Program] WARN  o.e.m.c.i.embedder.EclipseLogger - Using platform encoding (Cp1252 actually) to copy filtered resources, i.e. build is platform dependent!
2018-10-08 00:05:00,109 [Worker-210: Launching Program] INFO  o.e.m.c.i.embedder.EclipseLogger - Copying 4 resources
2018-10-08 00:05:00,110 [Worker-210: Launching Program] WARN  o.e.m.c.i.embedder.EclipseLogger - Using platform encoding (Cp1252 actually) to copy filtered resources, i.e. build is platform dependent!
2018-10-08 00:05:00,115 [Worker-210: Launching Program] INFO  o.e.m.c.i.embedder.EclipseLogger - Copying 0 resource
2018-10-08 00:08:00,156 [Worker-212: Launching Program] WARN  o.e.m.c.i.embedder.EclipseLogger - Using platform encoding (Cp1252 actually) to copy filtered resources, i.e. build is platform dependent!
2018-10-08 00:08:00,275 [Worker-212: Launching Program] INFO  o.e.m.c.i.embedder.EclipseLogger - Copying 4 resources
2018-10-08 00:08:00,279 [Worker-212: Launching Program] WARN  o.e.m.c.i.embedder.EclipseLogger - Using platform encoding (Cp1252 actually) to copy filtered resources, i.e. build is platform dependent!
2018-10-08 00:08:00,290 [Worker-212: Launching Program] INFO  o.e.m.c.i.embedder.EclipseLogger - Copying 0 resource
2018-10-08 00:11:04,891 [Worker-212: Launching Program] WARN  o.e.m.c.i.embedder.EclipseLogger - Using platform encoding (Cp1252 actually) to copy filtered resources, i.e. build is platform dependent!
2018-10-08 00:11:04,972 [Worker-212: Launching Program] INFO  o.e.m.c.i.embedder.EclipseLogger - Copying 4 resources
2018-10-08 00:11:04,974 [Worker-212: Launching Program] WARN  o.e.m.c.i.embedder.EclipseLogger - Using platform encoding (Cp1252 actually) to copy filtered resources, i.e. build is platform dependent!
2018-10-08 00:11:04,981 [Worker-212: Launching Program] INFO  o.e.m.c.i.embedder.EclipseLogger - Copying 0 resource
2018-10-08 00:15:14,684 [Worker-219: Building workspace] WARN  o.e.m.c.i.embedder.EclipseLogger - Using platform encoding (Cp1252 actually) to copy filtered resources, i.e. build is platform dependent!
2018-10-08 00:15:14,761 [Worker-219: Building workspace] INFO  o.e.m.c.i.embedder.EclipseLogger - Copying 4 resources
2018-10-08 00:15:14,762 [Worker-219: Building workspace] WARN  o.e.m.c.i.embedder.EclipseLogger - Using platform encoding (Cp1252 actually) to copy filtered resources, i.e. build is platform dependent!
2018-10-08 00:15:14,767 [Worker-219: Building workspace] INFO  o.e.m.c.i.embedder.EclipseLogger - Copying 0 resource
2018-10-08 00:17:31,114 [Worker-222: Launching Program] WARN  o.e.m.c.i.embedder.EclipseLogger - Using platform encoding (Cp1252 actually) to copy filtered resources, i.e. build is platform dependent!
2018-10-08 00:17:31,263 [Worker-222: Launching Program] INFO  o.e.m.c.i.embedder.EclipseLogger - Copying 4 resources
2018-10-08 00:17:31,265 [Worker-222: Launching Program] WARN  o.e.m.c.i.embedder.EclipseLogger - Using platform encoding (Cp1252 actually) to copy filtered resources, i.e. build is platform dependent!
2018-10-08 00:17:31,269 [Worker-222: Launching Program] INFO  o.e.m.c.i.embedder.EclipseLogger - Copying 0 resource
2018-10-08 00:18:09,279 [Worker-221: Launching Program] WARN  o.e.m.c.i.embedder.EclipseLogger - Using platform encoding (Cp1252 actually) to copy filtered resources, i.e. build is platform dependent!
2018-10-08 00:18:09,355 [Worker-221: Launching Program] INFO  o.e.m.c.i.embedder.EclipseLogger - Copying 4 resources
2018-10-08 00:18:09,356 [Worker-221: Launching Program] WARN  o.e.m.c.i.embedder.EclipseLogger - Using platform encoding (Cp1252 actually) to copy filtered resources, i.e. build is platform dependent!
2018-10-08 00:18:09,361 [Worker-221: Launching Program] INFO  o.e.m.c.i.embedder.EclipseLogger - Copying 0 resource
2018-10-08 00:20:39,298 [Worker-222: Launching Program] WARN  o.e.m.c.i.embedder.EclipseLogger - Using platform encoding (Cp1252 actually) to copy filtered resources, i.e. build is platform dependent!
2018-10-08 00:20:39,354 [Worker-222: Launching Program] INFO  o.e.m.c.i.embedder.EclipseLogger - Copying 4 resources
2018-10-08 00:20:39,355 [Worker-222: Launching Program] WARN  o.e.m.c.i.embedder.EclipseLogger - Using platform encoding (Cp1252 actually) to copy filtered resources, i.e. build is platform dependent!
2018-10-08 00:20:39,361 [Worker-222: Launching Program] INFO  o.e.m.c.i.embedder.EclipseLogger - Copying 0 resource
2018-10-08 00:29:13,878 [Worker-228: Launching Program] WARN  o.e.m.c.i.embedder.EclipseLogger - Using platform encoding (Cp1252 actually) to copy filtered resources, i.e. build is platform dependent!
2018-10-08 00:29:13,942 [Worker-228: Launching Program] INFO  o.e.m.c.i.embedder.EclipseLogger - Copying 4 resources
2018-10-08 00:29:13,944 [Worker-228: Launching Program] WARN  o.e.m.c.i.embedder.EclipseLogger - Using platform encoding (Cp1252 actually) to copy filtered resources, i.e. build is platform dependent!
2018-10-08 00:29:13,953 [Worker-228: Launching Program] INFO  o.e.m.c.i.embedder.EclipseLogger - Copying 0 resource
2018-10-08 00:37:25,935 [Worker-235: Launching Program] WARN  o.e.m.c.i.embedder.EclipseLogger - Using platform encoding (Cp1252 actually) to copy filtered resources, i.e. build is platform dependent!
2018-10-08 00:37:26,018 [Worker-235: Launching Program] INFO  o.e.m.c.i.embedder.EclipseLogger - Copying 4 resources
2018-10-08 00:37:26,028 [Worker-235: Launching Program] WARN  o.e.m.c.i.embedder.EclipseLogger - Using platform encoding (Cp1252 actually) to copy filtered resources, i.e. build is platform dependent!
2018-10-08 00:37:26,077 [Worker-235: Launching Program] INFO  o.e.m.c.i.embedder.EclipseLogger - Copying 0 resource
2018-10-08 00:37:41,950 [Worker-235: Launching Program] WARN  o.e.m.c.i.embedder.EclipseLogger - Using platform encoding (Cp1252 actually) to copy filtered resources, i.e. build is platform dependent!
2018-10-08 00:37:41,957 [Worker-235: Launching Program] INFO  o.e.m.c.i.embedder.EclipseLogger - Copying 4 resources
2018-10-08 00:37:41,958 [Worker-235: Launching Program] WARN  o.e.m.c.i.embedder.EclipseLogger - Using platform encoding (Cp1252 actually) to copy filtered resources, i.e. build is platform dependent!
2018-10-08 00:37:41,964 [Worker-235: Launching Program] INFO  o.e.m.c.i.embedder.EclipseLogger - Copying 0 resource
2018-10-08 00:44:06,054 [Worker-238: Launching Program] WARN  o.e.m.c.i.embedder.EclipseLogger - Using platform encoding (Cp1252 actually) to copy filtered resources, i.e. build is platform dependent!
2018-10-08 00:44:06,059 [Worker-238: Launching Program] INFO  o.e.m.c.i.embedder.EclipseLogger - Copying 4 resources
2018-10-08 00:44:06,060 [Worker-238: Launching Program] WARN  o.e.m.c.i.embedder.EclipseLogger - Using platform encoding (Cp1252 actually) to copy filtered resources, i.e. build is platform dependent!
2018-10-08 00:44:06,064 [Worker-238: Launching Program] INFO  o.e.m.c.i.embedder.EclipseLogger - Copying 0 resource
